<?xml version="1.0" encoding="UTF-8"?>
<testsuite xmlns:xsi="http://www.w3.org/2001/XMLSchema-instance" xsi:noNamespaceSchemaLocation="https://maven.apache.org/surefire/maven-failsafe-plugin/xsd/failsafe-test-report.xsd" name="it.io.openliberty.guides.system.SystemEndpointTest" time="0.746" tests="1" errors="0" skipped="0" failures="0">
  <properties>
    <property name="awt.toolkit" value="sun.lwawt.macosx.LWCToolkit"/>
    <property name="java.specification.version" value="12"/>
    <property name="sun.jnu.encoding" value="UTF-8"/>
    <property name="java.class.path" value="/Users/yunfanchen/Documents/GitHub/guide-microprofile-rest-client/start/target/test-classes:/Users/yunfanchen/Documents/GitHub/guide-microprofile-rest-client/start/target/classes:/Users/yunfanchen/.m2/repository/junit/junit/4.12/junit-4.12.jar:/Users/yunfanchen/.m2/repository/org/hamcrest/hamcrest-core/1.3/hamcrest-core-1.3.jar:/Users/yunfanchen/.m2/repository/org/apache/cxf/cxf-rt-rs-client/3.2.6/cxf-rt-rs-client-3.2.6.jar:/Users/yunfanchen/.m2/repository/org/apache/cxf/cxf-rt-transports-http/3.2.6/cxf-rt-transports-http-3.2.6.jar:/Users/yunfanchen/.m2/repository/org/apache/cxf/cxf-core/3.2.6/cxf-core-3.2.6.jar:/Users/yunfanchen/.m2/repository/com/fasterxml/woodstox/woodstox-core/5.1.0/woodstox-core-5.1.0.jar:/Users/yunfanchen/.m2/repository/org/codehaus/woodstox/stax2-api/4.1/stax2-api-4.1.jar:/Users/yunfanchen/.m2/repository/org/apache/ws/xmlschema/xmlschema-core/2.2.3/xmlschema-core-2.2.3.jar:/Users/yunfanchen/.m2/repository/org/apache/cxf/cxf-rt-frontend-jaxrs/3.2.6/cxf-rt-frontend-jaxrs-3.2.6.jar:/Users/yunfanchen/.m2/repository/javax/ws/rs/javax.ws.rs-api/2.1/javax.ws.rs-api-2.1.jar:/Users/yunfanchen/.m2/repository/javax/annotation/javax.annotation-api/1.3/javax.annotation-api-1.3.jar:/Users/yunfanchen/.m2/repository/org/apache/cxf/cxf-rt-rs-extension-providers/3.2.6/cxf-rt-rs-extension-providers-3.2.6.jar:/Users/yunfanchen/.m2/repository/org/glassfish/javax.json/1.0.4/javax.json-1.0.4.jar:/Users/yunfanchen/.m2/repository/com/ibm/websphere/appserver/spi/com.ibm.websphere.appserver.spi.servlet/2.3.29/com.ibm.websphere.appserver.spi.servlet-2.3.29.jar:/Users/yunfanchen/.m2/repository/com/ibm/websphere/appserver/api/com.ibm.websphere.appserver.api.endpoint/1.0.29/com.ibm.websphere.appserver.api.endpoint-1.0.29.jar:/Users/yunfanchen/.m2/repository/com/ibm/websphere/appserver/spi/com.ibm.websphere.appserver.spi.httptransport/4.1.29/com.ibm.websphere.appserver.spi.httptransport-4.1.29.jar:/Users/yunfanchen/.m2/repository/com/ibm/websphere/appserver/api/com.ibm.websphere.appserver.api.servlet/1.1.29/com.ibm.websphere.appserver.api.servlet-1.1.29.jar:/Users/yunfanchen/.m2/repository/com/ibm/websphere/appserver/spi/com.ibm.websphere.appserver.spi.globalhandler/1.0.29/com.ibm.websphere.appserver.spi.globalhandler-1.0.29.jar:/Users/yunfanchen/.m2/repository/com/ibm/websphere/appserver/api/com.ibm.websphere.appserver.api.jaxrs20/1.0.29/com.ibm.websphere.appserver.api.jaxrs20-1.0.29.jar:/Users/yunfanchen/.m2/repository/javax/json/bind/javax.json.bind-api/1.0/javax.json.bind-api-1.0.jar:/Users/yunfanchen/.m2/repository/javax/json/javax.json-api/1.1.3/javax.json-api-1.1.3.jar:/Users/yunfanchen/.m2/repository/javax/el/javax.el-api/3.0.0/javax.el-api-3.0.0.jar:/Users/yunfanchen/.m2/repository/javax/servlet/jsp/javax.servlet.jsp-api/2.3.1/javax.servlet.jsp-api-2.3.1.jar:/Users/yunfanchen/.m2/repository/javax/servlet/javax.servlet-api/4.0.1/javax.servlet-api-4.0.1.jar:/Users/yunfanchen/.m2/repository/com/ibm/websphere/appserver/spi/com.ibm.websphere.appserver.spi.javaeedd/1.3.29/com.ibm.websphere.appserver.spi.javaeedd-1.3.29.jar:/Users/yunfanchen/.m2/repository/com/ibm/websphere/appserver/spi/com.ibm.websphere.appserver.spi.anno/1.1.29/com.ibm.websphere.appserver.spi.anno-1.1.29.jar:/Users/yunfanchen/.m2/repository/com/ibm/websphere/appserver/spi/com.ibm.websphere.appserver.spi.artifact/1.2.29/com.ibm.websphere.appserver.spi.artifact-1.2.29.jar:/Users/yunfanchen/.m2/repository/com/ibm/websphere/appserver/spi/com.ibm.websphere.appserver.spi.containerServices/3.0.29/com.ibm.websphere.appserver.spi.containerServices-3.0.29.jar:/Users/yunfanchen/.m2/repository/com/ibm/websphere/appserver/spi/com.ibm.websphere.appserver.spi.classloading/1.4.29/com.ibm.websphere.appserver.spi.classloading-1.4.29.jar:/Users/yunfanchen/.m2/repository/javax/ejb/javax.ejb-api/3.2/javax.ejb-api-3.2.jar:/Users/yunfanchen/.m2/repository/javax/transaction/javax.transaction-api/1.2/javax.transaction-api-1.2.jar:/Users/yunfanchen/.m2/repository/javax/enterprise/cdi-api/2.0/cdi-api-2.0.jar:/Users/yunfanchen/.m2/repository/javax/inject/javax.inject/1/javax.inject-1.jar:/Users/yunfanchen/.m2/repository/javax/interceptor/javax.interceptor-api/1.2/javax.interceptor-api-1.2.jar:/Users/yunfanchen/.m2/repository/com/ibm/websphere/appserver/api/com.ibm.websphere.appserver.api.transaction/1.1.29/com.ibm.websphere.appserver.api.transaction-1.1.29.jar:/Users/yunfanchen/.m2/repository/javax/resource/javax.resource-api/1.7/javax.resource-api-1.7.jar:/Users/yunfanchen/.m2/repository/com/ibm/websphere/appserver/spi/com.ibm.websphere.appserver.spi.transaction/1.1.29/com.ibm.websphere.appserver.spi.transaction-1.1.29.jar:/Users/yunfanchen/.m2/repository/com/ibm/websphere/appserver/api/com.ibm.websphere.appserver.api.basics/1.3.29/com.ibm.websphere.appserver.api.basics-1.3.29.jar:/Users/yunfanchen/.m2/repository/com/ibm/websphere/appserver/spi/com.ibm.websphere.appserver.spi.application/1.1.29/com.ibm.websphere.appserver.spi.application-1.1.29.jar:/Users/yunfanchen/.m2/repository/javax/persistence/javax.persistence-api/2.2/javax.persistence-api-2.2.jar:/Users/yunfanchen/.m2/repository/org/apache/myfaces/core/myfaces-api/2.3.0/myfaces-api-2.3.0.jar:/Users/yunfanchen/.m2/repository/javax/validation/validation-api/2.0.1.Final/validation-api-2.0.1.Final.jar:/Users/yunfanchen/.m2/repository/org/jboss/weld/weld-osgi-bundle/3.0.3.Final/weld-osgi-bundle-3.0.3.Final.jar:/Users/yunfanchen/.m2/repository/org/jboss/weld/weld-api/3.0.SP2/weld-api-3.0.SP2.jar:/Users/yunfanchen/.m2/repository/org/jboss/weld/weld-core-impl/3.0.3.Final/weld-core-impl-3.0.3.Final.jar:/Users/yunfanchen/.m2/repository/org/jboss/classfilewriter/jboss-classfilewriter/1.1.2.Final/jboss-classfilewriter-1.1.2.Final.jar:/Users/yunfanchen/.m2/repository/org/jboss/spec/javax/el/jboss-el-api_3.0_spec/1.0.7.Final/jboss-el-api_3.0_spec-1.0.7.Final.jar:/Users/yunfanchen/.m2/repository/org/jboss/spec/javax/interceptor/jboss-interceptors-api_1.2_spec/1.0.0.Final/jboss-interceptors-api_1.2_spec-1.0.0.Final.jar:/Users/yunfanchen/.m2/repository/org/jboss/logging/jboss-logging/3.2.1.Final/jboss-logging-3.2.1.Final.jar:/Users/yunfanchen/.m2/repository/org/jboss/weld/module/weld-ejb/3.0.3.Final/weld-ejb-3.0.3.Final.jar:/Users/yunfanchen/.m2/repository/org/jboss/spec/javax/transaction/jboss-transaction-api_1.2_spec/1.0.0.Final/jboss-transaction-api_1.2_spec-1.0.0.Final.jar:/Users/yunfanchen/.m2/repository/org/jboss/spec/javax/ejb/jboss-ejb-api_3.2_spec/1.0.0.Final/jboss-ejb-api_3.2_spec-1.0.0.Final.jar:/Users/yunfanchen/.m2/repository/org/jboss/weld/module/weld-jsf/3.0.3.Final/weld-jsf-3.0.3.Final.jar:/Users/yunfanchen/.m2/repository/org/jboss/weld/module/weld-jta/3.0.3.Final/weld-jta-3.0.3.Final.jar:/Users/yunfanchen/.m2/repository/org/jboss/weld/module/weld-web/3.0.3.Final/weld-web-3.0.3.Final.jar:/Users/yunfanchen/.m2/repository/org/jboss/weld/weld-spi/3.0.SP2/weld-spi-3.0.SP2.jar:/Users/yunfanchen/.m2/repository/org/jboss/weld/probe/weld-probe-core/3.0.3.Final/weld-probe-core-3.0.3.Final.jar:/Users/yunfanchen/.m2/repository/org/eclipse/microprofile/config/microprofile-config-api/1.3/microprofile-config-api-1.3.jar:/Users/yunfanchen/.m2/repository/org/osgi/org.osgi.annotation.versioning/1.0.0/org.osgi.annotation.versioning-1.0.0.jar:/Users/yunfanchen/.m2/repository/org/eclipse/microprofile/rest/client/microprofile-rest-client-api/1.2.0/microprofile-rest-client-api-1.2.0.jar:/Users/yunfanchen/.m2/repository/org/apache/commons/commons-lang3/3.0/commons-lang3-3.0.jar:/Users/yunfanchen/.m2/repository/javax/xml/bind/jaxb-api/2.3.1/jaxb-api-2.3.1.jar:/Users/yunfanchen/.m2/repository/javax/activation/javax.activation-api/1.2.0/javax.activation-api-1.2.0.jar:/Users/yunfanchen/.m2/repository/com/sun/xml/bind/jaxb-core/2.3.0.1/jaxb-core-2.3.0.1.jar:/Users/yunfanchen/.m2/repository/com/sun/xml/bind/jaxb-impl/2.3.2/jaxb-impl-2.3.2.jar:/Users/yunfanchen/.m2/repository/javax/activation/activation/1.1.1/activation-1.1.1.jar:"/>
    <property name="java.vm.vendor" value="Oracle Corporation"/>
    <property name="sun.arch.data.model" value="64"/>
    <property name="java.vendor.url" value="https://java.oracle.com/"/>
    <property name="os.name" value="Mac OS X"/>
    <property name="java.vm.specification.version" value="12"/>
    <property name="sun.java.launcher" value="SUN_STANDARD"/>
    <property name="user.country" value="CN"/>
    <property name="sun.boot.library.path" value="/Library/Java/JavaVirtualMachines/jdk-12.0.1.jdk/Contents/Home/lib"/>
    <property name="sun.java.command" value="/Users/yunfanchen/Documents/GitHub/guide-microprofile-rest-client/start/target/surefire/surefirebooter17599822657468211152.jar /Users/yunfanchen/Documents/GitHub/guide-microprofile-rest-client/start/target/surefire 2019-07-08T10-56-14_489-jvmRun1 surefire463249483614105871tmp surefire_01027298426553274381tmp"/>
    <property name="jdk.debug" value="release"/>
    <property name="surefire.test.class.path" value="/Users/yunfanchen/Documents/GitHub/guide-microprofile-rest-client/start/target/test-classes:/Users/yunfanchen/Documents/GitHub/guide-microprofile-rest-client/start/target/classes:/Users/yunfanchen/.m2/repository/junit/junit/4.12/junit-4.12.jar:/Users/yunfanchen/.m2/repository/org/hamcrest/hamcrest-core/1.3/hamcrest-core-1.3.jar:/Users/yunfanchen/.m2/repository/org/apache/cxf/cxf-rt-rs-client/3.2.6/cxf-rt-rs-client-3.2.6.jar:/Users/yunfanchen/.m2/repository/org/apache/cxf/cxf-rt-transports-http/3.2.6/cxf-rt-transports-http-3.2.6.jar:/Users/yunfanchen/.m2/repository/org/apache/cxf/cxf-core/3.2.6/cxf-core-3.2.6.jar:/Users/yunfanchen/.m2/repository/com/fasterxml/woodstox/woodstox-core/5.1.0/woodstox-core-5.1.0.jar:/Users/yunfanchen/.m2/repository/org/codehaus/woodstox/stax2-api/4.1/stax2-api-4.1.jar:/Users/yunfanchen/.m2/repository/org/apache/ws/xmlschema/xmlschema-core/2.2.3/xmlschema-core-2.2.3.jar:/Users/yunfanchen/.m2/repository/org/apache/cxf/cxf-rt-frontend-jaxrs/3.2.6/cxf-rt-frontend-jaxrs-3.2.6.jar:/Users/yunfanchen/.m2/repository/javax/ws/rs/javax.ws.rs-api/2.1/javax.ws.rs-api-2.1.jar:/Users/yunfanchen/.m2/repository/javax/annotation/javax.annotation-api/1.3/javax.annotation-api-1.3.jar:/Users/yunfanchen/.m2/repository/org/apache/cxf/cxf-rt-rs-extension-providers/3.2.6/cxf-rt-rs-extension-providers-3.2.6.jar:/Users/yunfanchen/.m2/repository/org/glassfish/javax.json/1.0.4/javax.json-1.0.4.jar:/Users/yunfanchen/.m2/repository/com/ibm/websphere/appserver/spi/com.ibm.websphere.appserver.spi.servlet/2.3.29/com.ibm.websphere.appserver.spi.servlet-2.3.29.jar:/Users/yunfanchen/.m2/repository/com/ibm/websphere/appserver/api/com.ibm.websphere.appserver.api.endpoint/1.0.29/com.ibm.websphere.appserver.api.endpoint-1.0.29.jar:/Users/yunfanchen/.m2/repository/com/ibm/websphere/appserver/spi/com.ibm.websphere.appserver.spi.httptransport/4.1.29/com.ibm.websphere.appserver.spi.httptransport-4.1.29.jar:/Users/yunfanchen/.m2/repository/com/ibm/websphere/appserver/api/com.ibm.websphere.appserver.api.servlet/1.1.29/com.ibm.websphere.appserver.api.servlet-1.1.29.jar:/Users/yunfanchen/.m2/repository/com/ibm/websphere/appserver/spi/com.ibm.websphere.appserver.spi.globalhandler/1.0.29/com.ibm.websphere.appserver.spi.globalhandler-1.0.29.jar:/Users/yunfanchen/.m2/repository/com/ibm/websphere/appserver/api/com.ibm.websphere.appserver.api.jaxrs20/1.0.29/com.ibm.websphere.appserver.api.jaxrs20-1.0.29.jar:/Users/yunfanchen/.m2/repository/javax/json/bind/javax.json.bind-api/1.0/javax.json.bind-api-1.0.jar:/Users/yunfanchen/.m2/repository/javax/json/javax.json-api/1.1.3/javax.json-api-1.1.3.jar:/Users/yunfanchen/.m2/repository/javax/el/javax.el-api/3.0.0/javax.el-api-3.0.0.jar:/Users/yunfanchen/.m2/repository/javax/servlet/jsp/javax.servlet.jsp-api/2.3.1/javax.servlet.jsp-api-2.3.1.jar:/Users/yunfanchen/.m2/repository/javax/servlet/javax.servlet-api/4.0.1/javax.servlet-api-4.0.1.jar:/Users/yunfanchen/.m2/repository/com/ibm/websphere/appserver/spi/com.ibm.websphere.appserver.spi.javaeedd/1.3.29/com.ibm.websphere.appserver.spi.javaeedd-1.3.29.jar:/Users/yunfanchen/.m2/repository/com/ibm/websphere/appserver/spi/com.ibm.websphere.appserver.spi.anno/1.1.29/com.ibm.websphere.appserver.spi.anno-1.1.29.jar:/Users/yunfanchen/.m2/repository/com/ibm/websphere/appserver/spi/com.ibm.websphere.appserver.spi.artifact/1.2.29/com.ibm.websphere.appserver.spi.artifact-1.2.29.jar:/Users/yunfanchen/.m2/repository/com/ibm/websphere/appserver/spi/com.ibm.websphere.appserver.spi.containerServices/3.0.29/com.ibm.websphere.appserver.spi.containerServices-3.0.29.jar:/Users/yunfanchen/.m2/repository/com/ibm/websphere/appserver/spi/com.ibm.websphere.appserver.spi.classloading/1.4.29/com.ibm.websphere.appserver.spi.classloading-1.4.29.jar:/Users/yunfanchen/.m2/repository/javax/ejb/javax.ejb-api/3.2/javax.ejb-api-3.2.jar:/Users/yunfanchen/.m2/repository/javax/transaction/javax.transaction-api/1.2/javax.transaction-api-1.2.jar:/Users/yunfanchen/.m2/repository/javax/enterprise/cdi-api/2.0/cdi-api-2.0.jar:/Users/yunfanchen/.m2/repository/javax/inject/javax.inject/1/javax.inject-1.jar:/Users/yunfanchen/.m2/repository/javax/interceptor/javax.interceptor-api/1.2/javax.interceptor-api-1.2.jar:/Users/yunfanchen/.m2/repository/com/ibm/websphere/appserver/api/com.ibm.websphere.appserver.api.transaction/1.1.29/com.ibm.websphere.appserver.api.transaction-1.1.29.jar:/Users/yunfanchen/.m2/repository/javax/resource/javax.resource-api/1.7/javax.resource-api-1.7.jar:/Users/yunfanchen/.m2/repository/com/ibm/websphere/appserver/spi/com.ibm.websphere.appserver.spi.transaction/1.1.29/com.ibm.websphere.appserver.spi.transaction-1.1.29.jar:/Users/yunfanchen/.m2/repository/com/ibm/websphere/appserver/api/com.ibm.websphere.appserver.api.basics/1.3.29/com.ibm.websphere.appserver.api.basics-1.3.29.jar:/Users/yunfanchen/.m2/repository/com/ibm/websphere/appserver/spi/com.ibm.websphere.appserver.spi.application/1.1.29/com.ibm.websphere.appserver.spi.application-1.1.29.jar:/Users/yunfanchen/.m2/repository/javax/persistence/javax.persistence-api/2.2/javax.persistence-api-2.2.jar:/Users/yunfanchen/.m2/repository/org/apache/myfaces/core/myfaces-api/2.3.0/myfaces-api-2.3.0.jar:/Users/yunfanchen/.m2/repository/javax/validation/validation-api/2.0.1.Final/validation-api-2.0.1.Final.jar:/Users/yunfanchen/.m2/repository/org/jboss/weld/weld-osgi-bundle/3.0.3.Final/weld-osgi-bundle-3.0.3.Final.jar:/Users/yunfanchen/.m2/repository/org/jboss/weld/weld-api/3.0.SP2/weld-api-3.0.SP2.jar:/Users/yunfanchen/.m2/repository/org/jboss/weld/weld-core-impl/3.0.3.Final/weld-core-impl-3.0.3.Final.jar:/Users/yunfanchen/.m2/repository/org/jboss/classfilewriter/jboss-classfilewriter/1.1.2.Final/jboss-classfilewriter-1.1.2.Final.jar:/Users/yunfanchen/.m2/repository/org/jboss/spec/javax/el/jboss-el-api_3.0_spec/1.0.7.Final/jboss-el-api_3.0_spec-1.0.7.Final.jar:/Users/yunfanchen/.m2/repository/org/jboss/spec/javax/interceptor/jboss-interceptors-api_1.2_spec/1.0.0.Final/jboss-interceptors-api_1.2_spec-1.0.0.Final.jar:/Users/yunfanchen/.m2/repository/org/jboss/logging/jboss-logging/3.2.1.Final/jboss-logging-3.2.1.Final.jar:/Users/yunfanchen/.m2/repository/org/jboss/weld/module/weld-ejb/3.0.3.Final/weld-ejb-3.0.3.Final.jar:/Users/yunfanchen/.m2/repository/org/jboss/spec/javax/transaction/jboss-transaction-api_1.2_spec/1.0.0.Final/jboss-transaction-api_1.2_spec-1.0.0.Final.jar:/Users/yunfanchen/.m2/repository/org/jboss/spec/javax/ejb/jboss-ejb-api_3.2_spec/1.0.0.Final/jboss-ejb-api_3.2_spec-1.0.0.Final.jar:/Users/yunfanchen/.m2/repository/org/jboss/weld/module/weld-jsf/3.0.3.Final/weld-jsf-3.0.3.Final.jar:/Users/yunfanchen/.m2/repository/org/jboss/weld/module/weld-jta/3.0.3.Final/weld-jta-3.0.3.Final.jar:/Users/yunfanchen/.m2/repository/org/jboss/weld/module/weld-web/3.0.3.Final/weld-web-3.0.3.Final.jar:/Users/yunfanchen/.m2/repository/org/jboss/weld/weld-spi/3.0.SP2/weld-spi-3.0.SP2.jar:/Users/yunfanchen/.m2/repository/org/jboss/weld/probe/weld-probe-core/3.0.3.Final/weld-probe-core-3.0.3.Final.jar:/Users/yunfanchen/.m2/repository/org/eclipse/microprofile/config/microprofile-config-api/1.3/microprofile-config-api-1.3.jar:/Users/yunfanchen/.m2/repository/org/osgi/org.osgi.annotation.versioning/1.0.0/org.osgi.annotation.versioning-1.0.0.jar:/Users/yunfanchen/.m2/repository/org/eclipse/microprofile/rest/client/microprofile-rest-client-api/1.2.0/microprofile-rest-client-api-1.2.0.jar:/Users/yunfanchen/.m2/repository/org/apache/commons/commons-lang3/3.0/commons-lang3-3.0.jar:/Users/yunfanchen/.m2/repository/javax/xml/bind/jaxb-api/2.3.1/jaxb-api-2.3.1.jar:/Users/yunfanchen/.m2/repository/javax/activation/javax.activation-api/1.2.0/javax.activation-api-1.2.0.jar:/Users/yunfanchen/.m2/repository/com/sun/xml/bind/jaxb-core/2.3.0.1/jaxb-core-2.3.0.1.jar:/Users/yunfanchen/.m2/repository/com/sun/xml/bind/jaxb-impl/2.3.2/jaxb-impl-2.3.2.jar:/Users/yunfanchen/.m2/repository/javax/activation/activation/1.1.1/activation-1.1.1.jar:"/>
    <property name="sun.cpu.endian" value="little"/>
    <property name="user.home" value="/Users/yunfanchen"/>
    <property name="user.language" value="en"/>
    <property name="java.specification.vendor" value="Oracle Corporation"/>
    <property name="java.version.date" value="2019-04-16"/>
    <property name="java.home" value="/Library/Java/JavaVirtualMachines/jdk-12.0.1.jdk/Contents/Home"/>
    <property name="file.separator" value="/"/>
    <property name="basedir" value="/Users/yunfanchen/Documents/GitHub/guide-microprofile-rest-client/start"/>
    <property name="java.vm.compressedOopsMode" value="Zero based"/>
    <property name="line.separator" value="&#10;"/>
    <property name="liberty.test.port" value="9080"/>
    <property name="java.vm.specification.vendor" value="Oracle Corporation"/>
    <property name="java.specification.name" value="Java Platform API Specification"/>
    <property name="java.awt.graphicsenv" value="sun.awt.CGraphicsEnvironment"/>
    <property name="surefire.real.class.path" value="/Users/yunfanchen/Documents/GitHub/guide-microprofile-rest-client/start/target/surefire/surefirebooter17599822657468211152.jar"/>
    <property name="sun.management.compiler" value="HotSpot 64-Bit Tiered Compilers"/>
    <property name="java.runtime.version" value="12.0.1+12"/>
    <property name="user.name" value="yunfanchen"/>
    <property name="path.separator" value=":"/>
    <property name="os.version" value="10.14.5"/>
    <property name="java.runtime.name" value="Java(TM) SE Runtime Environment"/>
    <property name="file.encoding" value="UTF-8"/>
    <property name="java.vm.name" value="Java HotSpot(TM) 64-Bit Server VM"/>
    <property name="localRepository" value="/Users/yunfanchen/.m2/repository"/>
    <property name="java.vendor.url.bug" value="https://bugreport.java.com/bugreport/"/>
    <property name="java.io.tmpdir" value="/var/folders/f2/6wgnx8611_537_hkk9yzp53h0000gn/T/"/>
    <property name="java.version" value="12.0.1"/>
    <property name="user.dir" value="/Users/yunfanchen/Documents/GitHub/guide-microprofile-rest-client/start"/>
    <property name="os.arch" value="x86_64"/>
    <property name="java.vm.specification.name" value="Java Virtual Machine Specification"/>
    <property name="java.library.path" value="/Users/yunfanchen/Library/Java/Extensions:/Library/Java/Extensions:/Network/Library/Java/Extensions:/System/Library/Java/Extensions:/usr/lib/java:."/>
    <property name="java.vm.info" value="mixed mode, sharing"/>
    <property name="java.vendor" value="Oracle Corporation"/>
    <property name="java.vm.version" value="12.0.1+12"/>
    <property name="sun.io.unicode.encoding" value="UnicodeBig"/>
    <property name="java.class.version" value="56.0"/>
  </properties>
  <testcase name="testGetProperties" classname="it.io.openliberty.guides.system.SystemEndpointTest" time="0.716"/>
</testsuite>